/usr/local/lib/python2.7/dist-packages/h5py/__init__.py:36: FutureWarning: Conversion of the second argument of issubdtype from `float` to `np.floating` is deprecated. In future, it will be treated as `np.float64 == np.dtype(float).type`.
  from ._conv import register_converters as _register_converters
TensorBoard 1.6.0 at http://804c5e61fd62:6006 (Press CTRL+C to quit)
W0330 11:48:35.343145 Reloader plugin_event_accumulator.py:300] Found more than one graph event per run, or there was a metagraph containing a graph_def, as well as one or more graph events.  Overwriting the graph with the newest event.
W0330 11:48:45.354283 Reloader plugin_event_accumulator.py:308] Found more than one metagraph event per run. Overwriting the metagraph with the newest event.
W0330 11:50:30.494745 Reloader plugin_event_accumulator.py:300] Found more than one graph event per run, or there was a metagraph containing a graph_def, as well as one or more graph events.  Overwriting the graph with the newest event.
W0330 11:50:35.501717 Reloader plugin_event_accumulator.py:308] Found more than one metagraph event per run. Overwriting the metagraph with the newest event.
/usr/local/lib/python2.7/dist-packages/h5py/__init__.py:36: FutureWarning: Conversion of the second argument of issubdtype from `float` to `np.floating` is deprecated. In future, it will be treated as `np.float64 == np.dtype(float).type`.
  from ._conv import register_converters as _register_converters
W0330 11:50:39.754782 Reloader plugin_event_accumulator.py:300] Found more than one graph event per run, or there was a metagraph containing a graph_def, as well as one or more graph events.  Overwriting the graph with the newest event.
W0330 11:50:39.755048 Reloader plugin_event_accumulator.py:308] Found more than one metagraph event per run. Overwriting the metagraph with the newest event.
W0330 11:50:39.778425 Reloader plugin_event_accumulator.py:300] Found more than one graph event per run, or there was a metagraph containing a graph_def, as well as one or more graph events.  Overwriting the graph with the newest event.
W0330 11:50:39.778744 Reloader plugin_event_accumulator.py:308] Found more than one metagraph event per run. Overwriting the metagraph with the newest event.
E0330 11:50:39.899305 MainThread program.py:260] TensorBoard attempted to bind to port 6006, but it was already in use
TensorBoard attempted to bind to port 6006, but it was already in use
W0330 11:50:55.523667 Reloader plugin_event_accumulator.py:300] Found more than one graph event per run, or there was a metagraph containing a graph_def, as well as one or more graph events.  Overwriting the graph with the newest event.
W0330 11:52:55.618898 Reloader plugin_event_accumulator.py:308] Found more than one metagraph event per run. Overwriting the metagraph with the newest event.
W0330 12:01:05.970048 Reloader plugin_event_multiplexer.py:203] Deleting accumulator '.'
W0330 12:02:16.026526 Reloader plugin_event_multiplexer.py:203] Deleting accumulator '.'
/usr/local/lib/python2.7/dist-packages/h5py/__init__.py:36: FutureWarning: Conversion of the second argument of issubdtype from `float` to `np.floating` is deprecated. In future, it will be treated as `np.float64 == np.dtype(float).type`.
  from ._conv import register_converters as _register_converters
E0330 12:57:57.969840 MainThread program.py:260] TensorBoard attempted to bind to port 6006, but it was already in use
TensorBoard attempted to bind to port 6006, but it was already in use
/usr/local/lib/python2.7/dist-packages/h5py/__init__.py:36: FutureWarning: Conversion of the second argument of issubdtype from `float` to `np.floating` is deprecated. In future, it will be treated as `np.float64 == np.dtype(float).type`.
  from ._conv import register_converters as _register_converters
E0330 12:58:23.928224 MainThread program.py:260] TensorBoard attempted to bind to port 6006, but it was already in use
TensorBoard attempted to bind to port 6006, but it was already in use
/usr/local/lib/python2.7/dist-packages/h5py/__init__.py:36: FutureWarning: Conversion of the second argument of issubdtype from `float` to `np.floating` is deprecated. In future, it will be treated as `np.float64 == np.dtype(float).type`.
  from ._conv import register_converters as _register_converters
2018-03-30 13:02:52.887250: I tensorflow/core/platform/cpu_feature_guard.cc:137] Your CPU supports instructions that this TensorFlow binary was not compiled to use: SSE4.1 SSE4.2 AVX AVX2 FMA
2018-03-30 13:02:52.985759: I tensorflow/stream_executor/cuda/cuda_gpu_executor.cc:895] successful NUMA node read from SysFS had negative value (-1), but there must be at least one NUMA node, so returning NUMA node zero
2018-03-30 13:02:52.986009: I tensorflow/core/common_runtime/gpu/gpu_device.cc:1105] Found device 0 with properties: 
name: GeForce GTX 1080 Ti major: 6 minor: 1 memoryClockRate(GHz): 1.683
pciBusID: 0000:02:00.0
totalMemory: 10.91GiB freeMemory: 5.90GiB
2018-03-30 13:02:52.986022: I tensorflow/core/common_runtime/gpu/gpu_device.cc:1195] Creating TensorFlow device (/device:GPU:0) -> (device: 0, name: GeForce GTX 1080 Ti, pci bus id: 0000:02:00.0, compute capability: 6.1)
/usr/local/lib/python2.7/dist-packages/h5py/__init__.py:36: FutureWarning: Conversion of the second argument of issubdtype from `float` to `np.floating` is deprecated. In future, it will be treated as `np.float64 == np.dtype(float).type`.
  from ._conv import register_converters as _register_converters
TensorBoard 1.6.0 at http://804c5e61fd62:6006 (Press CTRL+C to quit)
/usr/local/lib/python2.7/dist-packages/h5py/__init__.py:36: FutureWarning: Conversion of the second argument of issubdtype from `float` to `np.floating` is deprecated. In future, it will be treated as `np.float64 == np.dtype(float).type`.
  from ._conv import register_converters as _register_converters
TensorBoard 1.6.0 at http://804c5e61fd62:6006 (Press CTRL+C to quit)
/usr/local/lib/python2.7/dist-packages/h5py/__init__.py:36: FutureWarning: Conversion of the second argument of issubdtype from `float` to `np.floating` is deprecated. In future, it will be treated as `np.float64 == np.dtype(float).type`.
  from ._conv import register_converters as _register_converters
TensorBoard 1.6.0 at http://804c5e61fd62:6006 (Press CTRL+C to quit)
W0401 12:21:08.981467 Reloader plugin_event_multiplexer.py:203] Deleting accumulator '.'
W0401 12:23:29.125883 Reloader plugin_event_accumulator.py:300] Found more than one graph event per run, or there was a metagraph containing a graph_def, as well as one or more graph events.  Overwriting the graph with the newest event.
W0401 12:23:34.132509 Reloader plugin_event_accumulator.py:308] Found more than one metagraph event per run. Overwriting the metagraph with the newest event.
W0401 12:25:39.254601 Reloader plugin_event_accumulator.py:300] Found more than one graph event per run, or there was a metagraph containing a graph_def, as well as one or more graph events.  Overwriting the graph with the newest event.
W0401 12:25:44.257596 Reloader plugin_event_accumulator.py:308] Found more than one metagraph event per run. Overwriting the metagraph with the newest event.
W0401 12:26:39.337980 Reloader plugin_event_multiplexer.py:203] Deleting accumulator '.'
/usr/local/lib/python2.7/dist-packages/h5py/__init__.py:36: FutureWarning: Conversion of the second argument of issubdtype from `float` to `np.floating` is deprecated. In future, it will be treated as `np.float64 == np.dtype(float).type`.
  from ._conv import register_converters as _register_converters
2018-04-01 12:27:22.636132: I tensorflow/core/platform/cpu_feature_guard.cc:137] Your CPU supports instructions that this TensorFlow binary was not compiled to use: SSE4.1 SSE4.2 AVX AVX2 FMA
2018-04-01 12:27:22.733904: I tensorflow/stream_executor/cuda/cuda_gpu_executor.cc:895] successful NUMA node read from SysFS had negative value (-1), but there must be at least one NUMA node, so returning NUMA node zero
2018-04-01 12:27:22.734153: I tensorflow/core/common_runtime/gpu/gpu_device.cc:1105] Found device 0 with properties: 
name: GeForce GTX 1080 Ti major: 6 minor: 1 memoryClockRate(GHz): 1.683
pciBusID: 0000:02:00.0
totalMemory: 10.91GiB freeMemory: 5.90GiB
2018-04-01 12:27:22.734172: I tensorflow/core/common_runtime/gpu/gpu_device.cc:1195] Creating TensorFlow device (/device:GPU:0) -> (device: 0, name: GeForce GTX 1080 Ti, pci bus id: 0000:02:00.0, compute capability: 6.1)
/usr/local/lib/python2.7/dist-packages/h5py/__init__.py:36: FutureWarning: Conversion of the second argument of issubdtype from `float` to `np.floating` is deprecated. In future, it will be treated as `np.float64 == np.dtype(float).type`.
  from ._conv import register_converters as _register_converters
TensorBoard 1.6.0 at http://804c5e61fd62:6006 (Press CTRL+C to quit)
/usr/local/lib/python2.7/dist-packages/h5py/__init__.py:36: FutureWarning: Conversion of the second argument of issubdtype from `float` to `np.floating` is deprecated. In future, it will be treated as `np.float64 == np.dtype(float).type`.
  from ._conv import register_converters as _register_converters
2018-04-01 12:49:07.700752: I tensorflow/core/platform/cpu_feature_guard.cc:137] Your CPU supports instructions that this TensorFlow binary was not compiled to use: SSE4.1 SSE4.2 AVX AVX2 FMA
2018-04-01 12:49:07.798964: I tensorflow/stream_executor/cuda/cuda_gpu_executor.cc:895] successful NUMA node read from SysFS had negative value (-1), but there must be at least one NUMA node, so returning NUMA node zero
2018-04-01 12:49:07.799211: I tensorflow/core/common_runtime/gpu/gpu_device.cc:1105] Found device 0 with properties: 
name: GeForce GTX 1080 Ti major: 6 minor: 1 memoryClockRate(GHz): 1.683
pciBusID: 0000:02:00.0
totalMemory: 10.91GiB freeMemory: 5.90GiB
2018-04-01 12:49:07.799224: I tensorflow/core/common_runtime/gpu/gpu_device.cc:1195] Creating TensorFlow device (/device:GPU:0) -> (device: 0, name: GeForce GTX 1080 Ti, pci bus id: 0000:02:00.0, compute capability: 6.1)
/usr/local/lib/python2.7/dist-packages/h5py/__init__.py:36: FutureWarning: Conversion of the second argument of issubdtype from `float` to `np.floating` is deprecated. In future, it will be treated as `np.float64 == np.dtype(float).type`.
  from ._conv import register_converters as _register_converters
TensorBoard 1.6.0 at http://804c5e61fd62:6006 (Press CTRL+C to quit)
/usr/local/lib/python2.7/dist-packages/h5py/__init__.py:36: FutureWarning: Conversion of the second argument of issubdtype from `float` to `np.floating` is deprecated. In future, it will be treated as `np.float64 == np.dtype(float).type`.
  from ._conv import register_converters as _register_converters
2018-04-01 13:05:44.923620: I tensorflow/core/platform/cpu_feature_guard.cc:137] Your CPU supports instructions that this TensorFlow binary was not compiled to use: SSE4.1 SSE4.2 AVX AVX2 FMA
2018-04-01 13:05:45.026408: I tensorflow/stream_executor/cuda/cuda_gpu_executor.cc:895] successful NUMA node read from SysFS had negative value (-1), but there must be at least one NUMA node, so returning NUMA node zero
2018-04-01 13:05:45.026661: I tensorflow/core/common_runtime/gpu/gpu_device.cc:1105] Found device 0 with properties: 
name: GeForce GTX 1080 Ti major: 6 minor: 1 memoryClockRate(GHz): 1.683
pciBusID: 0000:02:00.0
totalMemory: 10.91GiB freeMemory: 5.90GiB
2018-04-01 13:05:45.026675: I tensorflow/core/common_runtime/gpu/gpu_device.cc:1195] Creating TensorFlow device (/device:GPU:0) -> (device: 0, name: GeForce GTX 1080 Ti, pci bus id: 0000:02:00.0, compute capability: 6.1)
/usr/local/lib/python2.7/dist-packages/h5py/__init__.py:36: FutureWarning: Conversion of the second argument of issubdtype from `float` to `np.floating` is deprecated. In future, it will be treated as `np.float64 == np.dtype(float).type`.
  from ._conv import register_converters as _register_converters
2018-04-01 13:11:12.690038: I tensorflow/core/platform/cpu_feature_guard.cc:137] Your CPU supports instructions that this TensorFlow binary was not compiled to use: SSE4.1 SSE4.2 AVX AVX2 FMA
2018-04-01 13:11:12.786229: I tensorflow/stream_executor/cuda/cuda_gpu_executor.cc:895] successful NUMA node read from SysFS had negative value (-1), but there must be at least one NUMA node, so returning NUMA node zero
2018-04-01 13:11:12.786484: I tensorflow/core/common_runtime/gpu/gpu_device.cc:1105] Found device 0 with properties: 
name: GeForce GTX 1080 Ti major: 6 minor: 1 memoryClockRate(GHz): 1.683
pciBusID: 0000:02:00.0
totalMemory: 10.91GiB freeMemory: 5.90GiB
2018-04-01 13:11:12.786498: I tensorflow/core/common_runtime/gpu/gpu_device.cc:1195] Creating TensorFlow device (/device:GPU:0) -> (device: 0, name: GeForce GTX 1080 Ti, pci bus id: 0000:02:00.0, compute capability: 6.1)
E0401 13:11:16.708305 Reloader directory_watcher.py:188] Unable to get size of /root/Graduate-design/Matting_with_deep_learning/train_3_44/events.out.tfevents.1522587945.804c5e61fd62: /root/Graduate-design/Matting_with_deep_learning/train_3_44/events.out.tfevents.1522587945.804c5e61fd62; No such file or directory
W0401 13:11:16.708871 Reloader plugin_event_accumulator.py:300] Found more than one graph event per run, or there was a metagraph containing a graph_def, as well as one or more graph events.  Overwriting the graph with the newest event.
W0401 13:11:21.710148 Reloader plugin_event_accumulator.py:308] Found more than one metagraph event per run. Overwriting the metagraph with the newest event.
/usr/local/lib/python2.7/dist-packages/h5py/__init__.py:36: FutureWarning: Conversion of the second argument of issubdtype from `float` to `np.floating` is deprecated. In future, it will be treated as `np.float64 == np.dtype(float).type`.
  from ._conv import register_converters as _register_converters
TensorBoard 1.6.0 at http://804c5e61fd62:6006 (Press CTRL+C to quit)
W0410 09:51:29.445788 Reloader plugin_event_multiplexer.py:203] Deleting accumulator '.'
/usr/lib64/python2.7/site-packages/h5py/__init__.py:36: FutureWarning: Conversion of the second argument of issubdtype from `float` to `np.floating` is deprecated. In future, it will be treated as `np.float64 == np.dtype(float).type`.
  from ._conv import register_converters as _register_converters
2018-04-12 20:24:03.058325: I tensorflow/core/platform/cpu_feature_guard.cc:140] Your CPU supports instructions that this TensorFlow binary was not compiled to use: AVX2 FMA
2018-04-12 20:24:04.524130: I tensorflow/core/common_runtime/gpu/gpu_device.cc:1212] Found device 0 with properties: 
name: GeForce GTX 1080 Ti major: 6 minor: 1 memoryClockRate(GHz): 1.582
pciBusID: 0000:05:00.0
totalMemory: 10.92GiB freeMemory: 10.76GiB
2018-04-12 20:24:04.648012: I tensorflow/core/common_runtime/gpu/gpu_device.cc:1212] Found device 1 with properties: 
name: GeForce GTX 1080 Ti major: 6 minor: 1 memoryClockRate(GHz): 1.582
pciBusID: 0000:09:00.0
totalMemory: 10.92GiB freeMemory: 10.76GiB
2018-04-12 20:24:04.648907: I tensorflow/core/common_runtime/gpu/gpu_device.cc:1227] Device peer to peer matrix
2018-04-12 20:24:04.648939: I tensorflow/core/common_runtime/gpu/gpu_device.cc:1233] DMA: 0 1 
2018-04-12 20:24:04.648948: I tensorflow/core/common_runtime/gpu/gpu_device.cc:1243] 0:   Y Y 
2018-04-12 20:24:04.648954: I tensorflow/core/common_runtime/gpu/gpu_device.cc:1243] 1:   Y Y 
2018-04-12 20:24:04.648964: I tensorflow/core/common_runtime/gpu/gpu_device.cc:1312] Adding visible gpu devices: 0, 1
2018-04-12 20:24:05.085218: I tensorflow/core/common_runtime/gpu/gpu_device.cc:993] Creating TensorFlow device (/job:localhost/replica:0/task:0/device:GPU:0 with 5589 MB memory) -> physical GPU (device: 0, name: GeForce GTX 1080 Ti, pci bus id: 0000:05:00.0, compute capability: 6.1)
2018-04-12 20:24:05.147094: I tensorflow/core/common_runtime/gpu/gpu_device.cc:993] Creating TensorFlow device (/job:localhost/replica:0/task:0/device:GPU:1 with 5589 MB memory) -> physical GPU (device: 1, name: GeForce GTX 1080 Ti, pci bus id: 0000:09:00.0, compute capability: 6.1)
Placeholder
Placeholder_1
Placeholder_2
Placeholder_3
x1/fc1/weights/Initializer/random_uniform/shape
x1/fc1/weights/Initializer/random_uniform/min
x1/fc1/weights/Initializer/random_uniform/max
x1/fc1/weights/Initializer/random_uniform/RandomUniform
x1/fc1/weights/Initializer/random_uniform/sub
x1/fc1/weights/Initializer/random_uniform/mul
x1/fc1/weights/Initializer/random_uniform
x1/fc1/weights
x1/fc1/weights/Assign
x1/fc1/weights/read
x1/fc1/biases/Initializer/Const
x1/fc1/biases
x1/fc1/biases/Assign
x1/fc1/biases/read
x1/fc1/Reshape/shape
x1/fc1/Reshape
x1/fc1/MatMul
x1/fc1/BiasAdd
x1/fc1/Relu
x2/fc1/weights/Initializer/random_uniform/shape
x2/fc1/weights/Initializer/random_uniform/min
x2/fc1/weights/Initializer/random_uniform/max
x2/fc1/weights/Initializer/random_uniform/RandomUniform
x2/fc1/weights/Initializer/random_uniform/sub
x2/fc1/weights/Initializer/random_uniform/mul
x2/fc1/weights/Initializer/random_uniform
x2/fc1/weights
x2/fc1/weights/Assign
x2/fc1/weights/read
x2/fc1/biases/Initializer/Const
x2/fc1/biases
x2/fc1/biases/Assign
x2/fc1/biases/read
x2/fc1/Reshape/shape
x2/fc1/Reshape
x2/fc1/MatMul
x2/fc1/BiasAdd
x2/fc1/Relu
x3/fc1/weights/Initializer/random_uniform/shape
x3/fc1/weights/Initializer/random_uniform/min
x3/fc1/weights/Initializer/random_uniform/max
x3/fc1/weights/Initializer/random_uniform/RandomUniform
x3/fc1/weights/Initializer/random_uniform/sub
x3/fc1/weights/Initializer/random_uniform/mul
x3/fc1/weights/Initializer/random_uniform
x3/fc1/weights
x3/fc1/weights/Assign
x3/fc1/weights/read
x3/fc1/biases/Initializer/Const
x3/fc1/biases
x3/fc1/biases/Assign
x3/fc1/biases/read
x3/fc1/Reshape/shape
x3/fc1/Reshape
x3/fc1/MatMul
x3/fc1/BiasAdd
x3/fc1/Relu
concat/axis
concat
Reshape/shape
Reshape
conv1_1/weights/Initializer/random_uniform/shape
conv1_1/weights/Initializer/random_uniform/min
conv1_1/weights/Initializer/random_uniform/max
conv1_1/weights/Initializer/random_uniform/RandomUniform
conv1_1/weights/Initializer/random_uniform/sub
conv1_1/weights/Initializer/random_uniform/mul
conv1_1/weights/Initializer/random_uniform
conv1_1/weights
conv1_1/weights/Assign
conv1_1/weights/read
conv1_1/biases/Initializer/Const
conv1_1/biases
conv1_1/biases/Assign
conv1_1/biases/read
VGG16/conv1_1/conv
VGG16/conv1_1/bias_add
VGG16/conv1_1/relu
conv1_2/weights/Initializer/random_uniform/shape
conv1_2/weights/Initializer/random_uniform/min
conv1_2/weights/Initializer/random_uniform/max
conv1_2/weights/Initializer/random_uniform/RandomUniform
conv1_2/weights/Initializer/random_uniform/sub
conv1_2/weights/Initializer/random_uniform/mul
conv1_2/weights/Initializer/random_uniform
conv1_2/weights
conv1_2/weights/Assign
conv1_2/weights/read
conv1_2/biases/Initializer/Const
conv1_2/biases
conv1_2/biases/Assign
conv1_2/biases/read
VGG16/conv1_2/conv
VGG16/conv1_2/bias_add
VGG16/conv1_2/relu
VGG16/pool1/pool1
conv2_1/weights/Initializer/random_uniform/shape
conv2_1/weights/Initializer/random_uniform/min
conv2_1/weights/Initializer/random_uniform/max
conv2_1/weights/Initializer/random_uniform/RandomUniform
conv2_1/weights/Initializer/random_uniform/sub
conv2_1/weights/Initializer/random_uniform/mul
conv2_1/weights/Initializer/random_uniform
conv2_1/weights
conv2_1/weights/Assign
conv2_1/weights/read
conv2_1/biases/Initializer/Const
conv2_1/biases
conv2_1/biases/Assign
conv2_1/biases/read
VGG16/conv2_1/conv
VGG16/conv2_1/bias_add
VGG16/conv2_1/relu
conv2_2/weights/Initializer/random_uniform/shape
conv2_2/weights/Initializer/random_uniform/min
conv2_2/weights/Initializer/random_uniform/max
conv2_2/weights/Initializer/random_uniform/RandomUniform
conv2_2/weights/Initializer/random_uniform/sub
conv2_2/weights/Initializer/random_uniform/mul
conv2_2/weights/Initializer/random_uniform
conv2_2/weights
conv2_2/weights/Assign
conv2_2/weights/read
conv2_2/biases/Initializer/Const
conv2_2/biases
conv2_2/biases/Assign
conv2_2/biases/read
VGG16/conv2_2/conv
VGG16/conv2_2/bias_add
VGG16/conv2_2/relu
VGG16/pool2/pool2
conv3_1/weights/Initializer/random_uniform/shape
conv3_1/weights/Initializer/random_uniform/min
conv3_1/weights/Initializer/random_uniform/max
conv3_1/weights/Initializer/random_uniform/RandomUniform
conv3_1/weights/Initializer/random_uniform/sub
conv3_1/weights/Initializer/random_uniform/mul
conv3_1/weights/Initializer/random_uniform
conv3_1/weights
conv3_1/weights/Assign
conv3_1/weights/read
conv3_1/biases/Initializer/Const
conv3_1/biases
conv3_1/biases/Assign
conv3_1/biases/read
VGG16/conv3_1/conv
VGG16/conv3_1/bias_add
VGG16/conv3_1/relu
conv3_2/weights/Initializer/random_uniform/shape
conv3_2/weights/Initializer/random_uniform/min
conv3_2/weights/Initializer/random_uniform/max
conv3_2/weights/Initializer/random_uniform/RandomUniform
conv3_2/weights/Initializer/random_uniform/sub
conv3_2/weights/Initializer/random_uniform/mul
conv3_2/weights/Initializer/random_uniform
conv3_2/weights
conv3_2/weights/Assign
conv3_2/weights/read
conv3_2/biases/Initializer/Const
conv3_2/biases
conv3_2/biases/Assign
conv3_2/biases/read
VGG16/conv3_2/conv
VGG16/conv3_2/bias_add
VGG16/conv3_2/relu
conv3_3/weights/Initializer/random_uniform/shape
conv3_3/weights/Initializer/random_uniform/min
conv3_3/weights/Initializer/random_uniform/max
conv3_3/weights/Initializer/random_uniform/RandomUniform
conv3_3/weights/Initializer/random_uniform/sub
conv3_3/weights/Initializer/random_uniform/mul
conv3_3/weights/Initializer/random_uniform
conv3_3/weights
conv3_3/weights/Assign
conv3_3/weights/read
conv3_3/biases/Initializer/Const
conv3_3/biases
conv3_3/biases/Assign
conv3_3/biases/read
VGG16/conv3_3/conv
VGG16/conv3_3/bias_add
VGG16/conv3_3/relu
VGG16/pool3/pool3
conv4_1/weights/Initializer/random_uniform/shape
conv4_1/weights/Initializer/random_uniform/min
conv4_1/weights/Initializer/random_uniform/max
conv4_1/weights/Initializer/random_uniform/RandomUniform
conv4_1/weights/Initializer/random_uniform/sub
conv4_1/weights/Initializer/random_uniform/mul
conv4_1/weights/Initializer/random_uniform
conv4_1/weights
conv4_1/weights/Assign
conv4_1/weights/read
conv4_1/biases/Initializer/Const
conv4_1/biases
conv4_1/biases/Assign
conv4_1/biases/read
VGG16/conv4_1/conv
VGG16/conv4_1/bias_add
VGG16/conv4_1/relu
conv4_2/weights/Initializer/random_uniform/shape
conv4_2/weights/Initializer/random_uniform/min
conv4_2/weights/Initializer/random_uniform/max
conv4_2/weights/Initializer/random_uniform/RandomUniform
conv4_2/weights/Initializer/random_uniform/sub
conv4_2/weights/Initializer/random_uniform/mul
conv4_2/weights/Initializer/random_uniform
conv4_2/weights
conv4_2/weights/Assign
conv4_2/weights/read
conv4_2/biases/Initializer/Const
conv4_2/biases
conv4_2/biases/Assign
conv4_2/biases/read
VGG16/conv4_2/conv
VGG16/conv4_2/bias_add
VGG16/conv4_2/relu
conv4_3/weights/Initializer/random_uniform/shape
conv4_3/weights/Initializer/random_uniform/min
conv4_3/weights/Initializer/random_uniform/max
conv4_3/weights/Initializer/random_uniform/RandomUniform
conv4_3/weights/Initializer/random_uniform/sub
conv4_3/weights/Initializer/random_uniform/mul
conv4_3/weights/Initializer/random_uniform
conv4_3/weights
conv4_3/weights/Assign
conv4_3/weights/read
conv4_3/biases/Initializer/Const
conv4_3/biases
conv4_3/biases/Assign
conv4_3/biases/read
VGG16/conv4_3/conv
VGG16/conv4_3/bias_add
VGG16/conv4_3/relu
VGG16/pool4/pool4
conv5_1/weights/Initializer/random_uniform/shape
conv5_1/weights/Initializer/random_uniform/min
conv5_1/weights/Initializer/random_uniform/max
conv5_1/weights/Initializer/random_uniform/RandomUniform
conv5_1/weights/Initializer/random_uniform/sub
conv5_1/weights/Initializer/random_uniform/mul
conv5_1/weights/Initializer/random_uniform
conv5_1/weights
conv5_1/weights/Assign
conv5_1/weights/read
conv5_1/biases/Initializer/Const
conv5_1/biases
conv5_1/biases/Assign
conv5_1/biases/read
VGG16/conv5_1/conv
VGG16/conv5_1/bias_add
VGG16/conv5_1/relu
conv5_2/weights/Initializer/random_uniform/shape
conv5_2/weights/Initializer/random_uniform/min
conv5_2/weights/Initializer/random_uniform/max
conv5_2/weights/Initializer/random_uniform/RandomUniform
conv5_2/weights/Initializer/random_uniform/sub
conv5_2/weights/Initializer/random_uniform/mul
conv5_2/weights/Initializer/random_uniform
conv5_2/weights
conv5_2/weights/Assign
conv5_2/weights/read
conv5_2/biases/Initializer/Const
conv5_2/biases
conv5_2/biases/Assign
conv5_2/biases/read
VGG16/conv5_2/conv
VGG16/conv5_2/bias_add
VGG16/conv5_2/relu
conv5_3/weights/Initializer/random_uniform/shape
conv5_3/weights/Initializer/random_uniform/min
conv5_3/weights/Initializer/random_uniform/max
conv5_3/weights/Initializer/random_uniform/RandomUniform
conv5_3/weights/Initializer/random_uniform/sub
conv5_3/weights/Initializer/random_uniform/mul
conv5_3/weights/Initializer/random_uniform
conv5_3/weights
conv5_3/weights/Assign
conv5_3/weights/read
conv5_3/biases/Initializer/Const
conv5_3/biases
conv5_3/biases/Assign
conv5_3/biases/read
VGG16/conv5_3/conv
VGG16/conv5_3/bias_add
VGG16/conv5_3/relu
VGG16/pool5/pool5
fc6/weights/Initializer/random_uniform/shape
fc6/weights/Initializer/random_uniform/min
fc6/weights/Initializer/random_uniform/max
fc6/weights/Initializer/random_uniform/RandomUniform
fc6/weights/Initializer/random_uniform/sub
fc6/weights/Initializer/random_uniform/mul
fc6/weights/Initializer/random_uniform
fc6/weights
fc6/weights/Assign
fc6/weights/read
fc6/biases/Initializer/Const
fc6/biases
fc6/biases/Assign
fc6/biases/read
VGG16/fc6/Reshape/shape
VGG16/fc6/Reshape
VGG16/fc6/MatMul
VGG16/fc6/BiasAdd
VGG16/fc6/Relu
fc7/weights/Initializer/random_uniform/shape
fc7/weights/Initializer/random_uniform/min
fc7/weights/Initializer/random_uniform/max
fc7/weights/Initializer/random_uniform/RandomUniform
fc7/weights/Initializer/random_uniform/sub
fc7/weights/Initializer/random_uniform/mul
fc7/weights/Initializer/random_uniform
fc7/weights
fc7/weights/Assign
fc7/weights/read
fc7/biases/Initializer/Const
fc7/biases
fc7/biases/Assign
fc7/biases/read
VGG16/fc7/Reshape/shape
VGG16/fc7/Reshape
VGG16/fc7/MatMul
VGG16/fc7/BiasAdd
VGG16/fc7/Relu
fc9/weights/Initializer/random_uniform/shape
fc9/weights/Initializer/random_uniform/min
fc9/weights/Initializer/random_uniform/max
fc9/weights/Initializer/random_uniform/RandomUniform
fc9/weights/Initializer/random_uniform/sub
fc9/weights/Initializer/random_uniform/mul
fc9/weights/Initializer/random_uniform
fc9/weights
fc9/weights/Assign
fc9/weights/read
fc9/biases/Initializer/Const
fc9/biases
fc9/biases/Assign
fc9/biases/read
fc9/Reshape/shape
fc9/Reshape
fc9/MatMul
fc9/BiasAdd
fc9/Relu
fc10/weights/Initializer/random_uniform/shape
fc10/weights/Initializer/random_uniform/min
fc10/weights/Initializer/random_uniform/max
fc10/weights/Initializer/random_uniform/RandomUniform
fc10/weights/Initializer/random_uniform/sub
fc10/weights/Initializer/random_uniform/mul
fc10/weights/Initializer/random_uniform
fc10/weights
fc10/weights/Assign
fc10/weights/read
fc10/biases/Initializer/Const
fc10/biases
fc10/biases/Assign
fc10/biases/read
fc10/Reshape/shape
fc10/Reshape
fc10/MatMul
fc10/BiasAdd
fc10/Relu
fc11/weights/Initializer/random_uniform/shape
fc11/weights/Initializer/random_uniform/min
fc11/weights/Initializer/random_uniform/max
fc11/weights/Initializer/random_uniform/RandomUniform
fc11/weights/Initializer/random_uniform/sub
fc11/weights/Initializer/random_uniform/mul
fc11/weights/Initializer/random_uniform
fc11/weights
fc11/weights/Assign
fc11/weights/read
fc11/biases/Initializer/Const
fc11/biases
fc11/biases/Assign
fc11/biases/read
fc11/Reshape/shape
fc11/Reshape
fc11/MatMul
fc11/BiasAdd
fc11/Relu
fc12/weights/Initializer/random_uniform/shape
fc12/weights/Initializer/random_uniform/min
fc12/weights/Initializer/random_uniform/max
fc12/weights/Initializer/random_uniform/RandomUniform
fc12/weights/Initializer/random_uniform/sub
fc12/weights/Initializer/random_uniform/mul
fc12/weights/Initializer/random_uniform
fc12/weights
fc12/weights/Assign
fc12/weights/read
fc12/biases/Initializer/Const
fc12/biases
fc12/biases/Assign
fc12/biases/read
fc12/Reshape/shape
fc12/Reshape
fc12/MatMul
fc12/BiasAdd
fc12/Relu
fc13/weights/Initializer/random_uniform/shape
fc13/weights/Initializer/random_uniform/min
fc13/weights/Initializer/random_uniform/max
fc13/weights/Initializer/random_uniform/RandomUniform
fc13/weights/Initializer/random_uniform/sub
fc13/weights/Initializer/random_uniform/mul
fc13/weights/Initializer/random_uniform
fc13/weights
fc13/weights/Assign
fc13/weights/read
fc13/biases/Initializer/Const
fc13/biases
fc13/biases/Assign
fc13/biases/read
fc13/Reshape/shape
fc13/Reshape
fc13/MatMul
fc13/BiasAdd
fc13/Sigmoid
fc13/Mul/y
fc13/Mul
fc13/x/y
fc13/x
Sub
Abs
Const
loss
loss_1/tags
loss_1
gradients/Shape
gradients/grad_ys_0
gradients/Fill
gradients/loss_grad/Reshape/shape
gradients/loss_grad/Reshape
gradients/loss_grad/Shape
gradients/loss_grad/Tile
gradients/loss_grad/Shape_1
gradients/loss_grad/Shape_2
gradients/loss_grad/Const
gradients/loss_grad/Prod
gradients/loss_grad/Const_1
gradients/loss_grad/Prod_1
gradients/loss_grad/Maximum/y
gradients/loss_grad/Maximum
gradients/loss_grad/floordiv
gradients/loss_grad/Cast
gradients/loss_grad/truediv
gradients/Abs_grad/Sign
gradients/Abs_grad/mul
gradients/Sub_grad/Shape
gradients/Sub_grad/Shape_1
gradients/Sub_grad/BroadcastGradientArgs
gradients/Sub_grad/Sum
gradients/Sub_grad/Reshape
gradients/Sub_grad/Sum_1
gradients/Sub_grad/Neg
gradients/Sub_grad/Reshape_1
gradients/Sub_grad/tuple/group_deps
gradients/Sub_grad/tuple/control_dependency
gradients/Sub_grad/tuple/control_dependency_1
gradients/fc13/x_grad/Shape
gradients/fc13/x_grad/Shape_1
gradients/fc13/x_grad/BroadcastGradientArgs
gradients/fc13/x_grad/Sum
gradients/fc13/x_grad/Reshape
gradients/fc13/x_grad/Sum_1
gradients/fc13/x_grad/Neg
gradients/fc13/x_grad/Reshape_1
gradients/fc13/x_grad/tuple/group_deps
gradients/fc13/x_grad/tuple/control_dependency
gradients/fc13/x_grad/tuple/control_dependency_1
gradients/fc13/Mul_grad/Shape
gradients/fc13/Mul_grad/Shape_1
gradients/fc13/Mul_grad/BroadcastGradientArgs
gradients/fc13/Mul_grad/mul
gradients/fc13/Mul_grad/Sum
gradients/fc13/Mul_grad/Reshape
gradients/fc13/Mul_grad/mul_1
gradients/fc13/Mul_grad/Sum_1
gradients/fc13/Mul_grad/Reshape_1
gradients/fc13/Mul_grad/tuple/group_deps
gradients/fc13/Mul_grad/tuple/control_dependency
gradients/fc13/Mul_grad/tuple/control_dependency_1
gradients/fc13/Sigmoid_grad/SigmoidGrad
gradients/fc13/BiasAdd_grad/BiasAddGrad
gradients/fc13/BiasAdd_grad/tuple/group_deps
gradients/fc13/BiasAdd_grad/tuple/control_dependency
gradients/fc13/BiasAdd_grad/tuple/control_dependency_1
gradients/fc13/MatMul_grad/MatMul
gradients/fc13/MatMul_grad/MatMul_1
gradients/fc13/MatMul_grad/tuple/group_deps
gradients/fc13/MatMul_grad/tuple/control_dependency
gradients/fc13/MatMul_grad/tuple/control_dependency_1
gradients/fc13/Reshape_grad/Shape
gradients/fc13/Reshape_grad/Reshape
gradients/fc12/Relu_grad/ReluGrad
gradients/fc12/BiasAdd_grad/BiasAddGrad
gradients/fc12/BiasAdd_grad/tuple/group_deps
gradients/fc12/BiasAdd_grad/tuple/control_dependency
gradients/fc12/BiasAdd_grad/tuple/control_dependency_1
gradients/fc12/MatMul_grad/MatMul
gradients/fc12/MatMul_grad/MatMul_1
gradients/fc12/MatMul_grad/tuple/group_deps
gradients/fc12/MatMul_grad/tuple/control_dependency
gradients/fc12/MatMul_grad/tuple/control_dependency_1
gradients/fc12/Reshape_grad/Shape
gradients/fc12/Reshape_grad/Reshape
gradients/fc11/Relu_grad/ReluGrad
gradients/fc11/BiasAdd_grad/BiasAddGrad
gradients/fc11/BiasAdd_grad/tuple/group_deps
gradients/fc11/BiasAdd_grad/tuple/control_dependency
gradients/fc11/BiasAdd_grad/tuple/control_dependency_1
gradients/fc11/MatMul_grad/MatMul
gradients/fc11/MatMul_grad/MatMul_1
gradients/fc11/MatMul_grad/tuple/group_deps
gradients/fc11/MatMul_grad/tuple/control_dependency
gradients/fc11/MatMul_grad/tuple/control_dependency_1
gradients/fc11/Reshape_grad/Shape
gradients/fc11/Reshape_grad/Reshape
gradients/fc10/Relu_grad/ReluGrad
gradients/fc10/BiasAdd_grad/BiasAddGrad
gradients/fc10/BiasAdd_grad/tuple/group_deps
gradients/fc10/BiasAdd_grad/tuple/control_dependency
gradients/fc10/BiasAdd_grad/tuple/control_dependency_1
gradients/fc10/MatMul_grad/MatMul
gradients/fc10/MatMul_grad/MatMul_1
gradients/fc10/MatMul_grad/tuple/group_deps
gradients/fc10/MatMul_grad/tuple/control_dependency
gradients/fc10/MatMul_grad/tuple/control_dependency_1
gradients/fc10/Reshape_grad/Shape
gradients/fc10/Reshape_grad/Reshape
gradients/fc9/Relu_grad/ReluGrad
gradients/fc9/BiasAdd_grad/BiasAddGrad
gradients/fc9/BiasAdd_grad/tuple/group_deps
gradients/fc9/BiasAdd_grad/tuple/control_dependency
gradients/fc9/BiasAdd_grad/tuple/control_dependency_1
gradients/fc9/MatMul_grad/MatMul
gradients/fc9/MatMul_grad/MatMul_1
gradients/fc9/MatMul_grad/tuple/group_deps
gradients/fc9/MatMul_grad/tuple/control_dependency
gradients/fc9/MatMul_grad/tuple/control_dependency_1
gradients/fc9/Reshape_grad/Shape
gradients/fc9/Reshape_grad/Reshape
gradients/VGG16/fc7/Relu_grad/ReluGrad
gradients/VGG16/fc7/BiasAdd_grad/BiasAddGrad
gradients/VGG16/fc7/BiasAdd_grad/tuple/group_deps
gradients/VGG16/fc7/BiasAdd_grad/tuple/control_dependency
gradients/VGG16/fc7/BiasAdd_grad/tuple/control_dependency_1
gradients/VGG16/fc7/MatMul_grad/MatMul
gradients/VGG16/fc7/MatMul_grad/MatMul_1
gradients/VGG16/fc7/MatMul_grad/tuple/group_deps
gradients/VGG16/fc7/MatMul_grad/tuple/control_dependency
gradients/VGG16/fc7/MatMul_grad/tuple/control_dependency_1
gradients/VGG16/fc7/Reshape_grad/Shape
gradients/VGG16/fc7/Reshape_grad/Reshape
gradients/VGG16/fc6/Relu_grad/ReluGrad
gradients/VGG16/fc6/BiasAdd_grad/BiasAddGrad
gradients/VGG16/fc6/BiasAdd_grad/tuple/group_deps
gradients/VGG16/fc6/BiasAdd_grad/tuple/control_dependency
gradients/VGG16/fc6/BiasAdd_grad/tuple/control_dependency_1
gradients/VGG16/fc6/MatMul_grad/MatMul
gradients/VGG16/fc6/MatMul_grad/MatMul_1
gradients/VGG16/fc6/MatMul_grad/tuple/group_deps
gradients/VGG16/fc6/MatMul_grad/tuple/control_dependency
gradients/VGG16/fc6/MatMul_grad/tuple/control_dependency_1
gradients/VGG16/fc6/Reshape_grad/Shape
gradients/VGG16/fc6/Reshape_grad/Reshape
gradients/VGG16/pool5/pool5_grad/MaxPoolGrad
gradients/VGG16/conv5_3/relu_grad/ReluGrad
gradients/VGG16/conv5_3/bias_add_grad/BiasAddGrad
gradients/VGG16/conv5_3/bias_add_grad/tuple/group_deps
gradients/VGG16/conv5_3/bias_add_grad/tuple/control_dependency
gradients/VGG16/conv5_3/bias_add_grad/tuple/control_dependency_1
gradients/VGG16/conv5_3/conv_grad/ShapeN
gradients/VGG16/conv5_3/conv_grad/Const
gradients/VGG16/conv5_3/conv_grad/Conv2DBackpropInput
gradients/VGG16/conv5_3/conv_grad/Conv2DBackpropFilter
gradients/VGG16/conv5_3/conv_grad/tuple/group_deps
gradients/VGG16/conv5_3/conv_grad/tuple/control_dependency
gradients/VGG16/conv5_3/conv_grad/tuple/control_dependency_1
gradients/VGG16/conv5_2/relu_grad/ReluGrad
gradients/VGG16/conv5_2/bias_add_grad/BiasAddGrad
gradients/VGG16/conv5_2/bias_add_grad/tuple/group_deps
gradients/VGG16/conv5_2/bias_add_grad/tuple/control_dependency
gradients/VGG16/conv5_2/bias_add_grad/tuple/control_dependency_1
gradients/VGG16/conv5_2/conv_grad/ShapeN
gradients/VGG16/conv5_2/conv_grad/Const
gradients/VGG16/conv5_2/conv_grad/Conv2DBackpropInput
gradients/VGG16/conv5_2/conv_grad/Conv2DBackpropFilter
gradients/VGG16/conv5_2/conv_grad/tuple/group_deps
gradients/VGG16/conv5_2/conv_grad/tuple/control_dependency
gradients/VGG16/conv5_2/conv_grad/tuple/control_dependency_1
gradients/VGG16/conv5_1/relu_grad/ReluGrad
gradients/VGG16/conv5_1/bias_add_grad/BiasAddGrad
gradients/VGG16/conv5_1/bias_add_grad/tuple/group_deps
gradients/VGG16/conv5_1/bias_add_grad/tuple/control_dependency
gradients/VGG16/conv5_1/bias_add_grad/tuple/control_dependency_1
gradients/VGG16/conv5_1/conv_grad/ShapeN
gradients/VGG16/conv5_1/conv_grad/Const
gradients/VGG16/conv5_1/conv_grad/Conv2DBackpropInput
gradients/VGG16/conv5_1/conv_grad/Conv2DBackpropFilter
gradients/VGG16/conv5_1/conv_grad/tuple/group_deps
gradients/VGG16/conv5_1/conv_grad/tuple/control_dependency
gradients/VGG16/conv5_1/conv_grad/tuple/control_dependency_1
gradients/VGG16/pool4/pool4_grad/MaxPoolGrad
gradients/VGG16/conv4_3/relu_grad/ReluGrad
gradients/VGG16/conv4_3/bias_add_grad/BiasAddGrad
gradients/VGG16/conv4_3/bias_add_grad/tuple/group_deps
gradients/VGG16/conv4_3/bias_add_grad/tuple/control_dependency
gradients/VGG16/conv4_3/bias_add_grad/tuple/control_dependency_1
gradients/VGG16/conv4_3/conv_grad/ShapeN
gradients/VGG16/conv4_3/conv_grad/Const
gradients/VGG16/conv4_3/conv_grad/Conv2DBackpropInput
gradients/VGG16/conv4_3/conv_grad/Conv2DBackpropFilter
gradients/VGG16/conv4_3/conv_grad/tuple/group_deps
gradients/VGG16/conv4_3/conv_grad/tuple/control_dependency
gradients/VGG16/conv4_3/conv_grad/tuple/control_dependency_1
gradients/VGG16/conv4_2/relu_grad/ReluGrad
gradients/VGG16/conv4_2/bias_add_grad/BiasAddGrad
gradients/VGG16/conv4_2/bias_add_grad/tuple/group_deps
gradients/VGG16/conv4_2/bias_add_grad/tuple/control_dependency
gradients/VGG16/conv4_2/bias_add_grad/tuple/control_dependency_1
gradients/VGG16/conv4_2/conv_grad/ShapeN
gradients/VGG16/conv4_2/conv_grad/Const
gradients/VGG16/conv4_2/conv_grad/Conv2DBackpropInput
gradients/VGG16/conv4_2/conv_grad/Conv2DBackpropFilter
gradients/VGG16/conv4_2/conv_grad/tuple/group_deps
gradients/VGG16/conv4_2/conv_grad/tuple/control_dependency
gradients/VGG16/conv4_2/conv_grad/tuple/control_dependency_1
gradients/VGG16/conv4_1/relu_grad/ReluGrad
gradients/VGG16/conv4_1/bias_add_grad/BiasAddGrad
gradients/VGG16/conv4_1/bias_add_grad/tuple/group_deps
gradients/VGG16/conv4_1/bias_add_grad/tuple/control_dependency
gradients/VGG16/conv4_1/bias_add_grad/tuple/control_dependency_1
gradients/VGG16/conv4_1/conv_grad/ShapeN
gradients/VGG16/conv4_1/conv_grad/Const
gradients/VGG16/conv4_1/conv_grad/Conv2DBackpropInput
gradients/VGG16/conv4_1/conv_grad/Conv2DBackpropFilter
gradients/VGG16/conv4_1/conv_grad/tuple/group_deps
gradients/VGG16/conv4_1/conv_grad/tuple/control_dependency
gradients/VGG16/conv4_1/conv_grad/tuple/control_dependency_1
gradients/VGG16/pool3/pool3_grad/MaxPoolGrad
gradients/VGG16/conv3_3/relu_grad/ReluGrad
gradients/VGG16/conv3_3/bias_add_grad/BiasAddGrad
gradients/VGG16/conv3_3/bias_add_grad/tuple/group_deps
gradients/VGG16/conv3_3/bias_add_grad/tuple/control_dependency
gradients/VGG16/conv3_3/bias_add_grad/tuple/control_dependency_1
gradients/VGG16/conv3_3/conv_grad/ShapeN
gradients/VGG16/conv3_3/conv_grad/Const
gradients/VGG16/conv3_3/conv_grad/Conv2DBackpropInput
gradients/VGG16/conv3_3/conv_grad/Conv2DBackpropFilter
gradients/VGG16/conv3_3/conv_grad/tuple/group_deps
gradients/VGG16/conv3_3/conv_grad/tuple/control_dependency
gradients/VGG16/conv3_3/conv_grad/tuple/control_dependency_1
gradients/VGG16/conv3_2/relu_grad/ReluGrad
gradients/VGG16/conv3_2/bias_add_grad/BiasAddGrad
gradients/VGG16/conv3_2/bias_add_grad/tuple/group_deps
gradients/VGG16/conv3_2/bias_add_grad/tuple/control_dependency
gradients/VGG16/conv3_2/bias_add_grad/tuple/control_dependency_1
gradients/VGG16/conv3_2/conv_grad/ShapeN
gradients/VGG16/conv3_2/conv_grad/Const
gradients/VGG16/conv3_2/conv_grad/Conv2DBackpropInput
gradients/VGG16/conv3_2/conv_grad/Conv2DBackpropFilter
gradients/VGG16/conv3_2/conv_grad/tuple/group_deps
gradients/VGG16/conv3_2/conv_grad/tuple/control_dependency
gradients/VGG16/conv3_2/conv_grad/tuple/control_dependency_1
gradients/VGG16/conv3_1/relu_grad/ReluGrad
gradients/VGG16/conv3_1/bias_add_grad/BiasAddGrad
gradients/VGG16/conv3_1/bias_add_grad/tuple/group_deps
gradients/VGG16/conv3_1/bias_add_grad/tuple/control_dependency
gradients/VGG16/conv3_1/bias_add_grad/tuple/control_dependency_1
gradients/VGG16/conv3_1/conv_grad/ShapeN
gradients/VGG16/conv3_1/conv_grad/Const
gradients/VGG16/conv3_1/conv_grad/Conv2DBackpropInput
gradients/VGG16/conv3_1/conv_grad/Conv2DBackpropFilter
gradients/VGG16/conv3_1/conv_grad/tuple/group_deps
gradients/VGG16/conv3_1/conv_grad/tuple/control_dependency
gradients/VGG16/conv3_1/conv_grad/tuple/control_dependency_1
gradients/VGG16/pool2/pool2_grad/MaxPoolGrad
gradients/VGG16/conv2_2/relu_grad/ReluGrad
gradients/VGG16/conv2_2/bias_add_grad/BiasAddGrad
gradients/VGG16/conv2_2/bias_add_grad/tuple/group_deps
gradients/VGG16/conv2_2/bias_add_grad/tuple/control_dependency
gradients/VGG16/conv2_2/bias_add_grad/tuple/control_dependency_1
gradients/VGG16/conv2_2/conv_grad/ShapeN
gradients/VGG16/conv2_2/conv_grad/Const
gradients/VGG16/conv2_2/conv_grad/Conv2DBackpropInput
gradients/VGG16/conv2_2/conv_grad/Conv2DBackpropFilter
gradients/VGG16/conv2_2/conv_grad/tuple/group_deps
gradients/VGG16/conv2_2/conv_grad/tuple/control_dependency
gradients/VGG16/conv2_2/conv_grad/tuple/control_dependency_1
gradients/VGG16/conv2_1/relu_grad/ReluGrad
gradients/VGG16/conv2_1/bias_add_grad/BiasAddGrad
gradients/VGG16/conv2_1/bias_add_grad/tuple/group_deps
gradients/VGG16/conv2_1/bias_add_grad/tuple/control_dependency
gradients/VGG16/conv2_1/bias_add_grad/tuple/control_dependency_1
gradients/VGG16/conv2_1/conv_grad/ShapeN
gradients/VGG16/conv2_1/conv_grad/Const
gradients/VGG16/conv2_1/conv_grad/Conv2DBackpropInput
gradients/VGG16/conv2_1/conv_grad/Conv2DBackpropFilter
gradients/VGG16/conv2_1/conv_grad/tuple/group_deps
gradients/VGG16/conv2_1/conv_grad/tuple/control_dependency
gradients/VGG16/conv2_1/conv_grad/tuple/control_dependency_1
gradients/VGG16/pool1/pool1_grad/MaxPoolGrad
gradients/VGG16/conv1_2/relu_grad/ReluGrad
gradients/VGG16/conv1_2/bias_add_grad/BiasAddGrad
gradients/VGG16/conv1_2/bias_add_grad/tuple/group_deps
gradients/VGG16/conv1_2/bias_add_grad/tuple/control_dependency
gradients/VGG16/conv1_2/bias_add_grad/tuple/control_dependency_1
gradients/VGG16/conv1_2/conv_grad/ShapeN
gradients/VGG16/conv1_2/conv_grad/Const
gradients/VGG16/conv1_2/conv_grad/Conv2DBackpropInput
gradients/VGG16/conv1_2/conv_grad/Conv2DBackpropFilter
gradients/VGG16/conv1_2/conv_grad/tuple/group_deps
gradients/VGG16/conv1_2/conv_grad/tuple/control_dependency
gradients/VGG16/conv1_2/conv_grad/tuple/control_dependency_1
gradients/VGG16/conv1_1/relu_grad/ReluGrad
gradients/VGG16/conv1_1/bias_add_grad/BiasAddGrad
gradients/VGG16/conv1_1/bias_add_grad/tuple/group_deps
gradients/VGG16/conv1_1/bias_add_grad/tuple/control_dependency
gradients/VGG16/conv1_1/bias_add_grad/tuple/control_dependency_1
gradients/VGG16/conv1_1/conv_grad/ShapeN
gradients/VGG16/conv1_1/conv_grad/Const
gradients/VGG16/conv1_1/conv_grad/Conv2DBackpropInput
gradients/VGG16/conv1_1/conv_grad/Conv2DBackpropFilter
gradients/VGG16/conv1_1/conv_grad/tuple/group_deps
gradients/VGG16/conv1_1/conv_grad/tuple/control_dependency
gradients/VGG16/conv1_1/conv_grad/tuple/control_dependency_1
gradients/Reshape_grad/Shape
gradients/Reshape_grad/Reshape
gradients/concat_grad/Rank
gradients/concat_grad/mod
gradients/concat_grad/Shape
gradients/concat_grad/ShapeN
gradients/concat_grad/ConcatOffset
gradients/concat_grad/Slice
gradients/concat_grad/Slice_1
gradients/concat_grad/Slice_2
gradients/concat_grad/tuple/group_deps
gradients/concat_grad/tuple/control_dependency
gradients/concat_grad/tuple/control_dependency_1
gradients/concat_grad/tuple/control_dependency_2
gradients/x1/fc1/Relu_grad/ReluGrad
gradients/x2/fc1/Relu_grad/ReluGrad
gradients/x3/fc1/Relu_grad/ReluGrad
gradients/x1/fc1/BiasAdd_grad/BiasAddGrad
gradients/x1/fc1/BiasAdd_grad/tuple/group_deps
gradients/x1/fc1/BiasAdd_grad/tuple/control_dependency
gradients/x1/fc1/BiasAdd_grad/tuple/control_dependency_1
gradients/x2/fc1/BiasAdd_grad/BiasAddGrad
gradients/x2/fc1/BiasAdd_grad/tuple/group_deps
gradients/x2/fc1/BiasAdd_grad/tuple/control_dependency
gradients/x2/fc1/BiasAdd_grad/tuple/control_dependency_1
gradients/x3/fc1/BiasAdd_grad/BiasAddGrad
gradients/x3/fc1/BiasAdd_grad/tuple/group_deps
gradients/x3/fc1/BiasAdd_grad/tuple/control_dependency
gradients/x3/fc1/BiasAdd_grad/tuple/control_dependency_1
gradients/x1/fc1/MatMul_grad/MatMul
gradients/x1/fc1/MatMul_grad/MatMul_1
gradients/x1/fc1/MatMul_grad/tuple/group_deps
gradients/x1/fc1/MatMul_grad/tuple/control_dependency
gradients/x1/fc1/MatMul_grad/tuple/control_dependency_1
gradients/x2/fc1/MatMul_grad/MatMul
gradients/x2/fc1/MatMul_grad/MatMul_1
gradients/x2/fc1/MatMul_grad/tuple/group_deps
gradients/x2/fc1/MatMul_grad/tuple/control_dependency
gradients/x2/fc1/MatMul_grad/tuple/control_dependency_1
gradients/x3/fc1/MatMul_grad/MatMul
gradients/x3/fc1/MatMul_grad/MatMul_1
gradients/x3/fc1/MatMul_grad/tuple/group_deps
gradients/x3/fc1/MatMul_grad/tuple/control_dependency
gradients/x3/fc1/MatMul_grad/tuple/control_dependency_1
GradientDescent/learning_rate
GradientDescent/update_x1/fc1/weights/ApplyGradientDescent
GradientDescent/update_x1/fc1/biases/ApplyGradientDescent
GradientDescent/update_x2/fc1/weights/ApplyGradientDescent
GradientDescent/update_x2/fc1/biases/ApplyGradientDescent